make all --print-data-base --no-builtin-variables --no-builtin-rules --question
# GNU Make 4.2.1
# Built for x86_64-pc-linux-gnu
# Copyright (C) 1988-2016 Free Software Foundation, Inc.
# License GPLv3+: GNU GPL version 3 or later <http://gnu.org/licenses/gpl.html>
# This is free software: you are free to change and redistribute it.
# There is NO WARRANTY, to the extent permitted by law.

# Make data base, printed on Tue Jul 12 09:33:51 2022

# Variables

# 'override' directive
GNUMAKEFLAGS := 
# automatic
<D = $(patsubst %/,%,$(dir $<))
# automatic
?F = $(notdir $?)
# environment
PAPERSIZE = a4
# environment
DESKTOP_SESSION = ubuntu
# default
.SHELLFLAGS := -c
# environment
XDG_SESSION_CLASS = user
# environment
XDG_SESSION_TYPE = x11
# automatic
?D = $(patsubst %/,%,$(dir $?))
# environment
IM_CONFIG_PHASE = 1
# automatic
@D = $(patsubst %/,%,$(dir $@))
# environment
XAUTHORITY = /run/user/1000/gdm/Xauthority
# environment
GDMSESSION = ubuntu
# environment
XMODIFIERS = @im=ibus
# makefile
CURDIR := /home/tj/Documents/42/minishell/minishell
# makefile
SHELL = /bin/sh
# makefile (from 'Makefile', line 36)
RM = rm -f
# environment
VSCODE_NLS_CONFIG = {"locale":"ja","availableLanguages":{"*":"ja"},"_languagePackId":"96f3e8db934f372e4b51ec41decd7891.ja","_translationsConfigFile":"/home/tj/.config/Code/clp/96f3e8db934f372e4b51ec41decd7891.ja/tcf.json","_cacheRoot":"/home/tj/.config/Code/clp/96f3e8db934f372e4b51ec41decd7891.ja","_resolvedLanguagePackCoreLocation":"/home/tj/.config/Code/clp/96f3e8db934f372e4b51ec41decd7891.ja/92d25e35d9bf1a6b16f7d0758f25d48ace11e5b9","_corruptedFile":"/home/tj/.config/Code/clp/96f3e8db934f372e4b51ec41decd7891.ja/corrupted.info","_languagePackSupport":true}
# environment
_ = /usr/share/code/code
# environment
JOURNAL_STREAM = 8:50696
# environment
XDG_CONFIG_DIRS = /etc/xdg/xdg-ubuntu:/etc/xdg
# makefile (from 'Makefile', line 1)
MAKEFILE_LIST :=  Makefile
# automatic
@F = $(notdir $@)
# environment
GIO_LAUNCHED_DESKTOP_FILE = /usr/share/applications/code.desktop
# environment
USERNAME = tj
# environment
MAKELEVEL := 0
# environment
XDG_DATA_DIRS = /usr/share/ubuntu:/usr/local/share/:/usr/share/:/var/lib/snapd/desktop
# environment
DBUS_SESSION_BUS_ADDRESS = unix:path=/run/user/1000/bus
# makefile (from 'Makefile', line 26)
OBJS = $(SRCS:.c=.o)
# environment
MANAGERPID = 2140
# environment
LC_NAME = fr_FR.UTF-8
# environment
VSCODE_CWD = /home/tj
# default
MAKE_HOST := x86_64-pc-linux-gnu
# environment
PATH = /home/tj/.local/bin:/usr/local/sbin:/usr/local/bin:/usr/sbin:/usr/bin:/sbin:/bin:/usr/games:/usr/local/games:/snap/bin:/home/tj/.dotnet/tools
# environment
GPG_AGENT_INFO = /run/user/1000/gnupg/S.gpg-agent:0:1
# environment
GJS_DEBUG_OUTPUT = stderr
# environment
LSCOLORS = Gxfxcxdxbxegedabagacad
# environment
SESSION_MANAGER = local/tj-MacBookPro:@/tmp/.ICE-unix/2358,unix/tj-MacBookPro:/tmp/.ICE-unix/2358
# environment
XDG_RUNTIME_DIR = /run/user/1000
# environment
XDG_MENU_PREFIX = gnome-
# environment
ELECTRON_RUN_AS_NODE = 1
# environment
INVOCATION_ID = 734144474bb4473097f294898dc3be61
# default
.FEATURES := target-specific order-only second-expansion else-if shortest-stem undefine oneshell archives jobserver output-sync check-symlink load
# environment
LS_COLORS = 
# environment
XDG_SESSION_DESKTOP = ubuntu
# environment
SSH_AUTH_SOCK = /run/user/1000/keyring/ssh
# environment
GIO_LAUNCHED_DESKTOP_FILE_PID = 5338
# automatic
%F = $(notdir $%)
# environment
DISPLAY = :0
# environment
PWD = /home/tj/Documents/42/minishell/minishell
# default
.LOADED := 
# environment
SSH_AGENT_PID = 2321
# environment
ORIGINAL_XDG_CURRENT_DESKTOP = ubuntu:GNOME
# environment
GTK_MODULES = gail:atk-bridge
# environment
VSCODE_AMD_ENTRYPOINT = vs/workbench/api/node/extensionHostProcess
# environment
HOME = /home/tj
# environment
VSCODE_CODE_CACHE_PATH = /home/tj/.config/Code/CachedData/92d25e35d9bf1a6b16f7d0758f25d48ace11e5b9
# environment
LOGNAME = tj
# environment
APPLICATION_INSIGHTS_NO_DIAGNOSTIC_CHANNEL = 1
# automatic
+F = $(notdir $+)
# environment
ZSH = /home/tj/.oh-my-zsh
# environment
VSCODE_HANDLES_UNCAUGHT_ERRORS = true
# environment
GNOME_DESKTOP_SESSION_ID = this-is-deprecated
# automatic
^D = $(patsubst %/,%,$(dir $^))
# environment
LC_TIME = fr_FR.UTF-8
# default
MAKE = $(MAKE_COMMAND)
# default
MAKECMDGOALS := all
# environment
QT_IM_MODULE = ibus
# makefile (from 'Makefile', line 16)
SRCS = ./src/minishell.c 
# environment
SHLVL = 0
# makefile (from 'Makefile', line 30)
LIBFT = ./lib/libft/
# makefile (from 'Makefile', line 34)
CC = gcc
# environment
GNOME_SHELL_SESSION_MODE = ubuntu
# default
MAKE_VERSION := 4.2.1
# environment
USER = tj
# environment
LC_MONETARY = fr_FR.UTF-8
# makefile
.DEFAULT_GOAL := minishell
# environment
XDG_CURRENT_DESKTOP = Unity
# makefile (from 'Makefile', line 14)
NAME = minishell
# environment
LESS = -R
# automatic
%D = $(patsubst %/,%,$(dir $%))
# environment
LC_TELEPHONE = fr_FR.UTF-8
# default
MAKE_COMMAND := make
# environment
OLDPWD = /home/tj
# default
.VARIABLES := 
# automatic
*F = $(notdir $*)
# environment
LANGUAGE = en_US:en
# environment
VSCODE_IPC_HOOK = /run/user/1000/vscode-ad2a177a-1.69.0-main.sock
# makefile
MAKEFLAGS = pqrR
# environment
MFLAGS = -pqrR
# automatic
*D = $(patsubst %/,%,$(dir $*))
# environment
MAIL = tj@student.42.fr
# automatic
+D = $(patsubst %/,%,$(dir $+))
# environment
GDK_BACKEND = x11
# makefile (from 'Makefile', line 32)
LIBFT_A = ./lib/libft/libft.a
# environment
LC_PAPER = fr_FR.UTF-8
# environment
QT_ACCESSIBILITY = 1
# default
MAKEFILES := 
# environment
LC_NUMERIC = fr_FR.UTF-8
# automatic
<F = $(notdir $<)
# environment
LC_MEASUREMENT = fr_FR.UTF-8
# environment
PAGER = less
# environment
LC_ALL = C
# makefile (from 'Makefile', line 28)
HEADER = ./inc/
# environment
GJS_DEBUG_TOPICS = JS ERROR;JS LOG
# automatic
^F = $(notdir $^)
# default
SUFFIXES := 
# environment
CHROME_DESKTOP = code-url-handler.desktop
# environment
WINDOWPATH = 2
# default
.INCLUDE_DIRS = /usr/include /usr/local/include /usr/include
# environment
LC_IDENTIFICATION = fr_FR.UTF-8
# default
.RECIPEPREFIX := 
# environment
LC_ADDRESS = fr_FR.UTF-8
# environment
LANG = C
# environment
VSCODE_PID = 5338
# variable set hash-table stats:
# Load=115/1024=11%, Rehash=0, Collisions=19/145=13%

# Pattern-specific Variable Values

# No pattern-specific variable values.

# Directories

# . (device 2050, inode 15729330): 9 files, no impossibilities.

# 9 files, no impossibilities in 1 directories.

# Implicit Rules

# No implicit rules.

# Files

all: minishell
#  Phony target (prerequisite of .PHONY).
#  Command line target.
#  Implicit rule search has not been done.
#  File does not exist.
#  File has been updated.
#  Successfully updated.

.PHONY: all clean fclean re
#  Implicit rule search has not been done.
#  Modification time never checked.
#  File has not been updated.

# Not a target:
Makefile:
#  Implicit rule search has been done.
#  Last modified 2022-07-11 19:04:41.971882607
#  File has been updated.
#  Successfully updated.

minishell: src/minishell.o lib/libft/
#  Implicit rule search has not been done.
 
#  Last modified 2022-07-11 19:04:45.511796787
#  File has been updated.
#  Successfully updated.
#  recipe to execute (from 'Makefile', line 44):
			@make -C $(LIBFT)
			ar rcs $(LIBFT_A) $(OBJS)
			ranlib $(LIBFT_A)
			$(CC) $(CFLAGS) $(OBJS) $(LIBFT_A) -o $(NAME)

.c.o:
#  Implicit rule search has not been done.
#  Modification time never checked.
#  File has not been updated.
#  recipe to execute (from 'Makefile', line 41):
	$(CC) $(CFLAGS) -I$(HEADER) -I$(LIBFT) $(LIB) -c $< -o $(<:.c=.o)

fclean: clean
#  Phony target (prerequisite of .PHONY).
#  Implicit rule search has not been done.
#  File does not exist.
#  File has not been updated.
#  recipe to execute (from 'Makefile', line 56):
		$(MAKE) fclean -C $(LIBFT)
		$(RM) $(NAME)

# Not a target:
lib/libft/:
#  Implicit rule search has been done.
#  Last modified 2022-07-11 19:04:45.471797756
#  File has been updated.
#  Successfully updated.

# Not a target:
.DEFAULT:
#  Implicit rule search has not been done.
#  Modification time never checked.
#  File has not been updated.

re: fclean all
#  Phony target (prerequisite of .PHONY).
#  Implicit rule search has not been done.
#  File does not exist.
#  File has not been updated.

clean:
#  Phony target (prerequisite of .PHONY).
#  Implicit rule search has not been done.
#  File does not exist.
#  File has not been updated.
#  recipe to execute (from 'Makefile', line 52):
		$(MAKE) clean -C $(LIBFT)
		$(RM) $(OBJS)

# Not a target:
src/minishell.o:
#  Implicit rule search has been done.
#  Last modified 2022-07-11 19:04:43.707840521
#  File has been updated.
#  Successfully updated.

# files hash-table stats:
# Load=12/1024=1%, Rehash=0, Collisions=0/33=0%
# VPATH Search Paths

# No 'vpath' search paths.

# No general ('VPATH' variable) search path.

# strcache buffers: 1 (0) / strings = 21 / storage = 159 B / avg = 7 B
# current buf: size = 8162 B / used = 159 B / count = 21 / avg = 7 B

# strcache performance: lookups = 42 / hit rate = 50%
# hash-table stats:
# Load=21/8192=0%, Rehash=0, Collisions=1/42=2%
# Finished Make data base on Tue Jul 12 09:33:51 2022

 
